<?xml version="1.0" encoding="UTF-8"?>
<!-- Generated by org.testng.reporters.JUnitXMLReporter -->
<testsuite hostname="Home" ignored="0" name="Leads" tests="2" failures="2" timestamp="03 Aug 2018 09:24:49 GMT" time="82.48" errors="0">
  <testcase name="createContact" time="56.667" classname="ProjectDay.CreateContactSeMethods">
    <failure type="java.lang.NullPointerException">
      <![CDATA[java.lang.NullPointerException
at week5.Reporter.reportStep(Reporter.java:46)
at wdMethods.SeMethods.startApp(SeMethods.java:65)
at ProjectDay.CreateContactSeMethods.createContact(CreateContactSeMethods.java:14)
... Removed 25 stack frames]]>
    </failure>
  </testcase> <!-- createContact -->
  <testcase name="CreateContact" time="25.732" classname="ProjectDay.Flipkart">
    <failure type="java.lang.NullPointerException">
      <![CDATA[java.lang.NullPointerException
at week5.Reporter.reportStep(Reporter.java:46)
at wdMethods.SeMethods.startApp(SeMethods.java:65)
at ProjectDay.Flipkart.CreateContact(Flipkart.java:14)
... Removed 25 stack frames]]>
    </failure>
  </testcase> <!-- CreateContact -->
</testsuite> <!-- Leads -->
