<?xml version="1.0" encoding="UTF-8"?>
<testng-results skipped="0" failed="2" ignored="0" total="2" passed="0">
  <reporter-output>
  </reporter-output>
  <suite name="Suite" duration-ms="27108" started-at="2018-08-04T10:46:15Z" finished-at="2018-08-04T10:46:42Z">
    <groups>
    </groups>
    <test name="CreateLead" duration-ms="27108" started-at="2018-08-04T10:46:15Z" finished-at="2018-08-04T10:46:42Z">
      <class name="testcase.createLead">
        <test-method status="PASS" signature="startSuite()[pri:0, instance:testcase.createLead@3108bc]" name="startSuite" is-config="true" duration-ms="483" started-at="2018-08-04T10:46:14Z" finished-at="2018-08-04T10:46:15Z">
          <reporter-output>
          </reporter-output>
        </test-method> <!-- startSuite -->
        <test-method status="PASS" signature="setValues()[pri:0, instance:testcase.createLead@3108bc]" name="setValues" is-config="true" duration-ms="0" started-at="2018-08-04T10:46:15Z" finished-at="2018-08-04T10:46:15Z">
          <reporter-output>
          </reporter-output>
        </test-method> <!-- setValues -->
        <test-method status="PASS" signature="startTest()[pri:0, instance:testcase.createLead@3108bc]" name="startTest" is-config="true" duration-ms="16" started-at="2018-08-04T10:46:15Z" finished-at="2018-08-04T10:46:15Z">
          <reporter-output>
          </reporter-output>
        </test-method> <!-- startTest -->
        <test-method status="PASS" signature="login(java.lang.String, java.lang.String, java.lang.String)[pri:0, instance:testcase.createLead@3108bc]" name="login" is-config="true" duration-ms="11648" started-at="2018-08-04T10:46:17Z" finished-at="2018-08-04T10:46:28Z">
          <params>
            <param index="0">
              <value>
                <![CDATA[http://leaftaps.com/opentaps]]>
              </value>
            </param>
            <param index="1">
              <value>
                <![CDATA[crmsfa]]>
              </value>
            </param>
            <param index="2">
              <value>
                <![CDATA[DemoSalesManager]]>
              </value>
            </param>
          </params>
          <reporter-output>
          </reporter-output>
        </test-method> <!-- login -->
        <test-method status="FAIL" signature="createnewLead(java.lang.String, java.lang.String, java.lang.String, java.lang.String)[pri:0, instance:testcase.createLead@3108bc]" name="createnewLead" duration-ms="15" started-at="2018-08-04T10:46:28Z" data-provider="fetchData" finished-at="2018-08-04T10:46:28Z">
          <params>
            <param index="0">
              <value>
                <![CDATA[Su]]>
              </value>
            </param>
            <param index="1">
              <value>
                <![CDATA[Priya]]>
              </value>
            </param>
            <param index="2">
              <value>
                <![CDATA[IBM]]>
              </value>
            </param>
            <param index="3">
              <value>
                <![CDATA[Successfully Entered]]>
              </value>
            </param>
          </params>
          <exception class="java.lang.NullPointerException">
            <full-stacktrace>
              <![CDATA[java.lang.NullPointerException
at pages.myHomepage.clickLeads(myHomepage.java:22)
at testcase.createLead.createnewLead(createLead.java:25)
at sun.reflect.NativeMethodAccessorImpl.invoke0(Native Method)
at sun.reflect.NativeMethodAccessorImpl.invoke(Unknown Source)
at sun.reflect.DelegatingMethodAccessorImpl.invoke(Unknown Source)
at java.lang.reflect.Method.invoke(Unknown Source)
at org.testng.internal.MethodInvocationHelper.invokeMethod(MethodInvocationHelper.java:124)
at org.testng.internal.Invoker.invokeMethod(Invoker.java:583)
at org.testng.internal.Invoker.invokeTestMethod(Invoker.java:719)
at org.testng.internal.Invoker.invokeTestMethods(Invoker.java:989)
at org.testng.internal.TestMethodWorker.invokeTestMethods(TestMethodWorker.java:125)
at org.testng.internal.TestMethodWorker.run(TestMethodWorker.java:109)
at org.testng.TestRunner.privateRun(TestRunner.java:648)
at org.testng.TestRunner.run(TestRunner.java:505)
at org.testng.SuiteRunner.runTest(SuiteRunner.java:455)
at org.testng.SuiteRunner.runSequentially(SuiteRunner.java:450)
at org.testng.SuiteRunner.privateRun(SuiteRunner.java:415)
at org.testng.SuiteRunner.run(SuiteRunner.java:364)
at org.testng.SuiteRunnerWorker.runSuite(SuiteRunnerWorker.java:52)
at org.testng.SuiteRunnerWorker.run(SuiteRunnerWorker.java:84)
at org.testng.TestNG.runSuitesSequentially(TestNG.java:1208)
at org.testng.TestNG.runSuitesLocally(TestNG.java:1137)
at org.testng.TestNG.runSuites(TestNG.java:1049)
at org.testng.TestNG.run(TestNG.java:1017)
at org.testng.remote.AbstractRemoteTestNG.run(AbstractRemoteTestNG.java:114)
at org.testng.remote.RemoteTestNG.initAndRun(RemoteTestNG.java:251)
at org.testng.remote.RemoteTestNG.main(RemoteTestNG.java:77)
]]>
            </full-stacktrace>
          </exception> <!-- java.lang.NullPointerException -->
          <reporter-output>
          </reporter-output>
        </test-method> <!-- createnewLead -->
        <test-method status="PASS" signature="closeApp()[pri:0, instance:testcase.createLead@3108bc]" name="closeApp" is-config="true" duration-ms="2200" started-at="2018-08-04T10:46:28Z" finished-at="2018-08-04T10:46:30Z">
          <reporter-output>
          </reporter-output>
        </test-method> <!-- closeApp -->
        <test-method status="PASS" signature="login(java.lang.String, java.lang.String, java.lang.String)[pri:0, instance:testcase.createLead@3108bc]" name="login" is-config="true" duration-ms="9385" started-at="2018-08-04T10:46:30Z" finished-at="2018-08-04T10:46:40Z">
          <params>
            <param index="0">
              <value>
                <![CDATA[http://leaftaps.com/opentaps]]>
              </value>
            </param>
            <param index="1">
              <value>
                <![CDATA[crmsfa]]>
              </value>
            </param>
            <param index="2">
              <value>
                <![CDATA[DemoSalesManager]]>
              </value>
            </param>
          </params>
          <reporter-output>
          </reporter-output>
        </test-method> <!-- login -->
        <test-method status="FAIL" signature="createnewLead(java.lang.String, java.lang.String, java.lang.String, java.lang.String)[pri:0, instance:testcase.createLead@3108bc]" name="createnewLead" duration-ms="16" started-at="2018-08-04T10:46:40Z" data-provider="fetchData" finished-at="2018-08-04T10:46:40Z">
          <params>
            <param index="0">
              <value>
                <![CDATA[Aditya]]>
              </value>
            </param>
            <param index="1">
              <value>
                <![CDATA[Raj]]>
              </value>
            </param>
            <param index="2">
              <value>
                <![CDATA[CA]]>
              </value>
            </param>
            <param index="3">
              <value>
                <![CDATA[Successfully Registered]]>
              </value>
            </param>
          </params>
          <exception class="java.lang.NullPointerException">
            <full-stacktrace>
              <![CDATA[java.lang.NullPointerException
at pages.myHomepage.clickLeads(myHomepage.java:22)
at testcase.createLead.createnewLead(createLead.java:25)
at sun.reflect.NativeMethodAccessorImpl.invoke0(Native Method)
at sun.reflect.NativeMethodAccessorImpl.invoke(Unknown Source)
at sun.reflect.DelegatingMethodAccessorImpl.invoke(Unknown Source)
at java.lang.reflect.Method.invoke(Unknown Source)
at org.testng.internal.MethodInvocationHelper.invokeMethod(MethodInvocationHelper.java:124)
at org.testng.internal.Invoker.invokeMethod(Invoker.java:583)
at org.testng.internal.Invoker.invokeTestMethod(Invoker.java:719)
at org.testng.internal.Invoker.invokeTestMethods(Invoker.java:989)
at org.testng.internal.TestMethodWorker.invokeTestMethods(TestMethodWorker.java:125)
at org.testng.internal.TestMethodWorker.run(TestMethodWorker.java:109)
at org.testng.TestRunner.privateRun(TestRunner.java:648)
at org.testng.TestRunner.run(TestRunner.java:505)
at org.testng.SuiteRunner.runTest(SuiteRunner.java:455)
at org.testng.SuiteRunner.runSequentially(SuiteRunner.java:450)
at org.testng.SuiteRunner.privateRun(SuiteRunner.java:415)
at org.testng.SuiteRunner.run(SuiteRunner.java:364)
at org.testng.SuiteRunnerWorker.runSuite(SuiteRunnerWorker.java:52)
at org.testng.SuiteRunnerWorker.run(SuiteRunnerWorker.java:84)
at org.testng.TestNG.runSuitesSequentially(TestNG.java:1208)
at org.testng.TestNG.runSuitesLocally(TestNG.java:1137)
at org.testng.TestNG.runSuites(TestNG.java:1049)
at org.testng.TestNG.run(TestNG.java:1017)
at org.testng.remote.AbstractRemoteTestNG.run(AbstractRemoteTestNG.java:114)
at org.testng.remote.RemoteTestNG.initAndRun(RemoteTestNG.java:251)
at org.testng.remote.RemoteTestNG.main(RemoteTestNG.java:77)
]]>
            </full-stacktrace>
          </exception> <!-- java.lang.NullPointerException -->
          <reporter-output>
          </reporter-output>
        </test-method> <!-- createnewLead -->
        <test-method status="PASS" signature="closeApp()[pri:0, instance:testcase.createLead@3108bc]" name="closeApp" is-config="true" duration-ms="2127" started-at="2018-08-04T10:46:40Z" finished-at="2018-08-04T10:46:42Z">
          <reporter-output>
          </reporter-output>
        </test-method> <!-- closeApp -->
        <test-method status="PASS" signature="stopSuite()[pri:0, instance:testcase.createLead@3108bc]" name="stopSuite" is-config="true" duration-ms="671" started-at="2018-08-04T10:46:42Z" finished-at="2018-08-04T10:46:43Z">
          <reporter-output>
          </reporter-output>
        </test-method> <!-- stopSuite -->
      </class> <!-- testcase.createLead -->
    </test> <!-- CreateLead -->
  </suite> <!-- Suite -->
</testng-results>
