<?xml version="1.0" encoding="UTF-8"?>
<testng-results skipped="0" failed="0" ignored="0" total="1" passed="1">
  <reporter-output>
  </reporter-output>
  <suite name="LeafTaps" duration-ms="30795" started-at="2018-08-12T08:24:16Z" finished-at="2018-08-12T08:24:47Z">
    <groups>
    </groups>
    <test name="Leads" duration-ms="30795" started-at="2018-08-12T08:24:16Z" finished-at="2018-08-12T08:24:47Z">
      <class name="ProjectDay.Flipkart">
        <test-method status="PASS" signature="CreateContact()[pri:0, instance:ProjectDay.Flipkart@1610302]" name="CreateContact" duration-ms="30744" started-at="2018-08-12T08:24:16Z" finished-at="2018-08-12T08:24:47Z">
          <reporter-output>
          </reporter-output>
        </test-method> <!-- CreateContact -->
      </class> <!-- ProjectDay.Flipkart -->
    </test> <!-- Leads -->
  </suite> <!-- LeafTaps -->
</testng-results>
